<?xml version="1.0" encoding="UTF-8"?>
<!-- Generated by org.testng.reporters.JUnitXMLReporter -->
<testsuite hostname="john-PC" ignored="0" name="Default test" tests="5" failures="0" timestamp="26 Sep 2019 13:28:24 GMT" time="36.296" errors="0">
  <testcase name="verifylogin" time="10.017" classname="sep26.DataSupply"/>
  <testcase name="verifylogin" time="5.035" classname="sep26.DataSupply"/>
  <testcase name="verifylogin" time="5.711" classname="sep26.DataSupply"/>
  <testcase name="verifylogin" time="4.726" classname="sep26.DataSupply"/>
  <testcase name="verifylogin" time="4.686" classname="sep26.DataSupply"/>
</testsuite> <!-- Default test -->
