<?xml version="1.0" encoding="UTF-8"?>
<!-- Generated by org.testng.reporters.JUnitXMLReporter -->
<testsuite hostname="john-PC" ignored="0" name="IETest" tests="1" failures="1" timestamp="26 Sep 2019 14:39:29 GMT" time="0.094" errors="0">
  <testcase name="@AfterMethod logout" time="0.0" classname="sep26.calculator">
    <failure type="java.lang.NullPointerException">
      <![CDATA[java.lang.NullPointerException
at sep26.calculator.logout(calculator.java:79)
at java.util.concurrent.FutureTask.run(FutureTask.java:266)
at java.util.concurrent.ThreadPoolExecutor.runWorker(ThreadPoolExecutor.java:1142)
at java.util.concurrent.ThreadPoolExecutor$Worker.run(ThreadPoolExecutor.java:617)
at java.lang.Thread.run(Thread.java:745)
... Removed 19 stack frames]]>
    </failure>
  </testcase> <!-- @AfterMethod logout -->
  <testcase name="calculatepercent" time="0.016" classname="sep26.calculator">
    <failure type="java.lang.NullPointerException">
      <![CDATA[java.lang.NullPointerException
at sep26.calculator.calculatepercent(calculator.java:52)
at java.util.concurrent.FutureTask.run(FutureTask.java:266)
at java.util.concurrent.ThreadPoolExecutor.runWorker(ThreadPoolExecutor.java:1142)
at java.util.concurrent.ThreadPoolExecutor$Worker.run(ThreadPoolExecutor.java:617)
at java.lang.Thread.run(Thread.java:745)
... Removed 16 stack frames]]>
    </failure>
  </testcase> <!-- calculatepercent -->
</testsuite> <!-- IETest -->
