<?xml version="1.0" encoding="UTF-8"?>
<testng-results skipped="0" failed="1" ignored="0" total="3" passed="2">
  <reporter-output>
  </reporter-output>
  <suite name="Suite" duration-ms="25270" started-at="2019-09-26T14:39:28Z" finished-at="2019-09-26T14:39:53Z">
    <groups>
    </groups>
    <test name="IETest" duration-ms="94" started-at="2019-09-26T14:39:28Z" finished-at="2019-09-26T14:39:28Z">
      <class name="sep26.calculator">
        <test-method status="PASS" signature="launch(java.lang.String)[pri:0, instance:sep26.calculator@1786f9d5]" name="launch" is-config="true" duration-ms="31" started-at="2019-09-26T14:39:28Z" finished-at="2019-09-26T14:39:28Z">
          <params>
            <param index="0">
              <value>
                <![CDATA[ie]]>
              </value>
            </param>
          </params>
          <reporter-output>
          </reporter-output>
        </test-method> <!-- launch -->
        <test-method status="FAIL" signature="calculatepercent()[pri:0, instance:sep26.calculator@1786f9d5]" name="calculatepercent" duration-ms="16" started-at="2019-09-26T14:39:28Z" finished-at="2019-09-26T14:39:28Z">
          <exception class="java.lang.NullPointerException">
            <full-stacktrace>
              <![CDATA[java.lang.NullPointerException
at sep26.calculator.calculatepercent(calculator.java:52)
at sun.reflect.NativeMethodAccessorImpl.invoke0(Native Method)
at sun.reflect.NativeMethodAccessorImpl.invoke(NativeMethodAccessorImpl.java:62)
at sun.reflect.DelegatingMethodAccessorImpl.invoke(DelegatingMethodAccessorImpl.java:43)
at java.lang.reflect.Method.invoke(Method.java:498)
at org.testng.internal.MethodInvocationHelper.invokeMethod(MethodInvocationHelper.java:124)
at org.testng.internal.Invoker.invokeMethod(Invoker.java:583)
at org.testng.internal.Invoker.invokeTestMethod(Invoker.java:719)
at org.testng.internal.Invoker.invokeTestMethods(Invoker.java:989)
at org.testng.internal.TestMethodWorker.invokeTestMethods(TestMethodWorker.java:125)
at org.testng.internal.TestMethodWorker.run(TestMethodWorker.java:109)
at org.testng.TestRunner.privateRun(TestRunner.java:648)
at org.testng.TestRunner.run(TestRunner.java:505)
at org.testng.SuiteRunner.runTest(SuiteRunner.java:455)
at org.testng.SuiteRunner.access$000(SuiteRunner.java:40)
at org.testng.SuiteRunner$SuiteWorker.run(SuiteRunner.java:489)
at org.testng.internal.thread.ThreadUtil$1.call(ThreadUtil.java:52)
at java.util.concurrent.FutureTask.run(FutureTask.java:266)
at java.util.concurrent.ThreadPoolExecutor.runWorker(ThreadPoolExecutor.java:1142)
at java.util.concurrent.ThreadPoolExecutor$Worker.run(ThreadPoolExecutor.java:617)
at java.lang.Thread.run(Thread.java:745)
]]>
            </full-stacktrace>
          </exception> <!-- java.lang.NullPointerException -->
          <reporter-output>
          </reporter-output>
        </test-method> <!-- calculatepercent -->
        <test-method status="FAIL" signature="logout()[pri:0, instance:sep26.calculator@1786f9d5]" name="logout" is-config="true" duration-ms="0" started-at="2019-09-26T14:39:28Z" finished-at="2019-09-26T14:39:28Z">
          <exception class="java.lang.NullPointerException">
            <full-stacktrace>
              <![CDATA[java.lang.NullPointerException
at sep26.calculator.logout(calculator.java:79)
at sun.reflect.NativeMethodAccessorImpl.invoke0(Native Method)
at sun.reflect.NativeMethodAccessorImpl.invoke(NativeMethodAccessorImpl.java:62)
at sun.reflect.DelegatingMethodAccessorImpl.invoke(DelegatingMethodAccessorImpl.java:43)
at java.lang.reflect.Method.invoke(Method.java:498)
at org.testng.internal.MethodInvocationHelper.invokeMethod(MethodInvocationHelper.java:124)
at org.testng.internal.MethodInvocationHelper.invokeMethodConsideringTimeout(MethodInvocationHelper.java:59)
at org.testng.internal.Invoker.invokeConfigurationMethod(Invoker.java:458)
at org.testng.internal.Invoker.invokeConfigurations(Invoker.java:222)
at org.testng.internal.Invoker.invokeMethod(Invoker.java:646)
at org.testng.internal.Invoker.invokeTestMethod(Invoker.java:719)
at org.testng.internal.Invoker.invokeTestMethods(Invoker.java:989)
at org.testng.internal.TestMethodWorker.invokeTestMethods(TestMethodWorker.java:125)
at org.testng.internal.TestMethodWorker.run(TestMethodWorker.java:109)
at org.testng.TestRunner.privateRun(TestRunner.java:648)
at org.testng.TestRunner.run(TestRunner.java:505)
at org.testng.SuiteRunner.runTest(SuiteRunner.java:455)
at org.testng.SuiteRunner.access$000(SuiteRunner.java:40)
at org.testng.SuiteRunner$SuiteWorker.run(SuiteRunner.java:489)
at org.testng.internal.thread.ThreadUtil$1.call(ThreadUtil.java:52)
at java.util.concurrent.FutureTask.run(FutureTask.java:266)
at java.util.concurrent.ThreadPoolExecutor.runWorker(ThreadPoolExecutor.java:1142)
at java.util.concurrent.ThreadPoolExecutor$Worker.run(ThreadPoolExecutor.java:617)
at java.lang.Thread.run(Thread.java:745)
]]>
            </full-stacktrace>
          </exception> <!-- java.lang.NullPointerException -->
          <reporter-output>
          </reporter-output>
        </test-method> <!-- logout -->
      </class> <!-- sep26.calculator -->
    </test> <!-- IETest -->
    <test name="ChromeTest" duration-ms="20652" started-at="2019-09-26T14:39:28Z" finished-at="2019-09-26T14:39:49Z">
      <class name="sep26.calculator">
        <test-method status="PASS" signature="launch(java.lang.String)[pri:0, instance:sep26.calculator@7276c8cd]" name="launch" is-config="true" duration-ms="9786" started-at="2019-09-26T14:39:28Z" finished-at="2019-09-26T14:39:38Z">
          <params>
            <param index="0">
              <value>
                <![CDATA[chrome]]>
              </value>
            </param>
          </params>
          <reporter-output>
          </reporter-output>
        </test-method> <!-- launch -->
        <test-method status="PASS" signature="calculatepercent()[pri:0, instance:sep26.calculator@7276c8cd]" name="calculatepercent" duration-ms="10537" started-at="2019-09-26T14:39:38Z" finished-at="2019-09-26T14:39:48Z">
          <reporter-output>
          </reporter-output>
        </test-method> <!-- calculatepercent -->
        <test-method status="PASS" signature="logout()[pri:0, instance:sep26.calculator@7276c8cd]" name="logout" is-config="true" duration-ms="278" started-at="2019-09-26T14:39:48Z" finished-at="2019-09-26T14:39:49Z">
          <reporter-output>
          </reporter-output>
        </test-method> <!-- logout -->
      </class> <!-- sep26.calculator -->
    </test> <!-- ChromeTest -->
    <test name="FirefoxTest" duration-ms="25270" started-at="2019-09-26T14:39:28Z" finished-at="2019-09-26T14:39:53Z">
      <class name="sep26.calculator">
        <test-method status="PASS" signature="launch(java.lang.String)[pri:0, instance:sep26.calculator@43bd930a]" name="launch" is-config="true" duration-ms="11182" started-at="2019-09-26T14:39:28Z" finished-at="2019-09-26T14:39:39Z">
          <params>
            <param index="0">
              <value>
                <![CDATA[firefox]]>
              </value>
            </param>
          </params>
          <reporter-output>
          </reporter-output>
        </test-method> <!-- launch -->
        <test-method status="PASS" signature="calculatepercent()[pri:0, instance:sep26.calculator@43bd930a]" name="calculatepercent" duration-ms="8504" started-at="2019-09-26T14:39:39Z" finished-at="2019-09-26T14:39:48Z">
          <reporter-output>
          </reporter-output>
        </test-method> <!-- calculatepercent -->
        <test-method status="PASS" signature="logout()[pri:0, instance:sep26.calculator@43bd930a]" name="logout" is-config="true" duration-ms="5516" started-at="2019-09-26T14:39:48Z" finished-at="2019-09-26T14:39:53Z">
          <reporter-output>
          </reporter-output>
        </test-method> <!-- logout -->
      </class> <!-- sep26.calculator -->
    </test> <!-- FirefoxTest -->
  </suite> <!-- Suite -->
</testng-results>
